2021-09-12 18:07:39 [-] local.error: uncaughtException: тип Unable to compile TypeScript:
[96msrc/controllers/AuthController.ts[0m:[93m3[0m:[93m22[0m - [91merror[0m[90m TS2307: [0mCannot find module 'jsonwebtoken' or its corresponding type declarations.

[7m3[0m import * as jwt from 'jsonwebtoken';
[7m [0m [91m                     ~~~~~~~~~~~~~~[0m

TSError: тип Unable to compile TypeScript:
[96msrc/controllers/AuthController.ts[0m:[93m3[0m:[93m22[0m - [91merror[0m[90m TS2307: [0mCannot find module 'jsonwebtoken' or its corresponding type declarations.

[7m3[0m import * as jwt from 'jsonwebtoken';
[7m [0m [91m                     ~~~~~~~~~~~~~~[0m

    at createTSError (/Users/ferra/dev/safetysoft-ext/node_modules/ts-node/src/index.ts:513:12)
    at reportTSError (/Users/ferra/dev/safetysoft-ext/node_modules/ts-node/src/index.ts:517:19)
    at getOutput (/Users/ferra/dev/safetysoft-ext/node_modules/ts-node/src/index.ts:752:36)
    at Object.compile (/Users/ferra/dev/safetysoft-ext/node_modules/ts-node/src/index.ts:968:32)
    at Module.m._compile (/Users/ferra/dev/safetysoft-ext/node_modules/ts-node/src/index.ts:1056:42)
    at Module._extensions..js (internal/modules/cjs/loader.js:1097:10)
    at Object.require.extensions.<computed> [as .ts] (/Users/ferra/dev/safetysoft-ext/node_modules/ts-node/src/index.ts:1059:12)
    at Module.load (internal/modules/cjs/loader.js:933:32)
    at Function.Module._load (internal/modules/cjs/loader.js:774:14)
    at Module.require (internal/modules/cjs/loader.js:957:19)
    at require (internal/modules/cjs/helpers.js:88:18)
    at Object.<anonymous> (/Users/ferra/dev/safetysoft-ext/src/routes/auth.routes.ts:2:1)
    at Module._compile (internal/modules/cjs/loader.js:1068:30)
    at Module.m._compile (/Users/ferra/dev/safetysoft-ext/node_modules/ts-node/src/index.ts:1056:23)
    at Module._extensions..js (internal/modules/cjs/loader.js:1097:10)
    at Object.require.extensions.<computed> [as .ts] (/Users/ferra/dev/safetysoft-ext/node_modules/ts-node/src/index.ts:1059:12)
2021-09-12 18:08:03 [-] local.error: uncaughtException: тип Unable to compile TypeScript:
[96msrc/controllers/AuthController.ts[0m:[93m3[0m:[93m22[0m - [91merror[0m[90m TS7016: [0mCould not find a declaration file for module 'jsonwebtoken'. '/Users/ferra/dev/safetysoft-ext/node_modules/jsonwebtoken/index.js' implicitly has an 'any' type.
  Try `npm i --save-dev @types/jsonwebtoken` if it exists or add a new declaration (.d.ts) file containing `declare module 'jsonwebtoken';`

[7m3[0m import * as jwt from 'jsonwebtoken';
[7m [0m [91m                     ~~~~~~~~~~~~~~[0m

TSError: тип Unable to compile TypeScript:
[96msrc/controllers/AuthController.ts[0m:[93m3[0m:[93m22[0m - [91merror[0m[90m TS7016: [0mCould not find a declaration file for module 'jsonwebtoken'. '/Users/ferra/dev/safetysoft-ext/node_modules/jsonwebtoken/index.js' implicitly has an 'any' type.
  Try `npm i --save-dev @types/jsonwebtoken` if it exists or add a new declaration (.d.ts) file containing `declare module 'jsonwebtoken';`

[7m3[0m import * as jwt from 'jsonwebtoken';
[7m [0m [91m                     ~~~~~~~~~~~~~~[0m

    at createTSError (/Users/ferra/dev/safetysoft-ext/node_modules/ts-node/src/index.ts:513:12)
    at reportTSError (/Users/ferra/dev/safetysoft-ext/node_modules/ts-node/src/index.ts:517:19)
    at getOutput (/Users/ferra/dev/safetysoft-ext/node_modules/ts-node/src/index.ts:752:36)
    at Object.compile (/Users/ferra/dev/safetysoft-ext/node_modules/ts-node/src/index.ts:968:32)
    at Module.m._compile (/Users/ferra/dev/safetysoft-ext/node_modules/ts-node/src/index.ts:1056:42)
    at Module._extensions..js (internal/modules/cjs/loader.js:1097:10)
    at Object.require.extensions.<computed> [as .ts] (/Users/ferra/dev/safetysoft-ext/node_modules/ts-node/src/index.ts:1059:12)
    at Module.load (internal/modules/cjs/loader.js:933:32)
    at Function.Module._load (internal/modules/cjs/loader.js:774:14)
    at Module.require (internal/modules/cjs/loader.js:957:19)
    at require (internal/modules/cjs/helpers.js:88:18)
    at Object.<anonymous> (/Users/ferra/dev/safetysoft-ext/src/routes/auth.routes.ts:2:1)
    at Module._compile (internal/modules/cjs/loader.js:1068:30)
    at Module.m._compile (/Users/ferra/dev/safetysoft-ext/node_modules/ts-node/src/index.ts:1056:23)
    at Module._extensions..js (internal/modules/cjs/loader.js:1097:10)
    at Object.require.extensions.<computed> [as .ts] (/Users/ferra/dev/safetysoft-ext/node_modules/ts-node/src/index.ts:1059:12)
2021-09-12 18:08:18 [-] local.info: Application local is run on port 3000
2021-09-12 18:08:18 [-] local.info: Successfully connected test-project to mongodb://localhost/app
2021-09-12 18:21:40 [-] local.info: Application local is run on port 3000
2021-09-12 18:21:40 [-] local.info: Successfully connected test-project to mongodb://localhost/app
2021-09-12 18:34:35 [-] local.error: Error connecting to database: MongooseServerSelectionError: connect ECONNREFUSED 127.0.0.1:27017
2021-09-12 18:45:58 [-] local.info: Application local is run on port 3000
2021-09-12 18:49:49 [-] local.info: Application local is run on port 3000
2021-09-12 18:50:27 [-] local.info: Application local is run on port 3000
2021-09-12 18:50:44 [-] local.info: Application local is run on port 3000
2021-09-12 18:51:02 [-] local.info: Application local is run on port 3000
2021-09-12 18:51:37 [-] local.info: Application local is run on port 3000
2021-09-12 18:52:13 [-] local.info: Application local is run on port 3000
2021-09-12 18:53:45 [-] local.info: Application local is run on port 3000
2021-09-12 18:55:07 [-] local.info: Application local is run on port 3000
2021-09-12 18:56:36 [-] local.info: Application local is run on port 3000
2021-09-12 18:56:47 [-] local.info: Application local is run on port 3000
2021-09-12 18:57:00 [-] local.info: Application local is run on port 3000
2021-09-12 18:57:10 [-] local.info: Application local is run on port 3000
2021-09-12 18:57:15 [37lvv4p4kthrcoj2] local.info: Token -> 
2021-09-12 18:57:25 [37lvv4p4kthrcvis] local.info: Token -> 
2021-09-12 18:57:26 [37lvv4p4kthrcwgf] local.info: Token -> 
2021-09-12 19:01:39 [-] local.info: Application local is run on port 3000
